threadid	postcount	postcount_cutoff	length_of_title	length_of_opening_post	avg_postlength	question_count	avg_cossim_with_thread	avg_cossim_with_previous	category
102097	89	50	43	1454	398	0	0.611410363534	0.380441344534	Reizen
103511	29	29	27	565	276	2	0.407773648422	0.135357834582	Reizen
103685	33	33	52	566	252	2	0.496381007858	0.2286757761	Mode & Beauty
103870	79	50	27	3027	281	10	0.477693260249	0.222427606052	Geld & Recht
104095	102	50	25	443	118	0	0.367230484929	0.205345890799	Gezondheid
104496	29	29	34	228	309	1	0.438006641119	0.219604255236	Kinderen
104722	40	40	42	1013	205	2	0.419649040749	0.157165695202	Digi
105430	32	32	23	341	363	3	0.54371763075	0.273014620263	Kinderen
112222	30	30	37	442	287	1	0.503758651192	0.25716860266	Mode & Beauty
114515	27	27	14	584	337	0	0.550982548537	0.255103211477	Overig
115204	21	21	4	835	367	0	0.551251398484	0.268413676395	Relaties
115434	25	25	19	148	324	1	0.550971891249	0.273647069262	Relaties
115985	26	26	18	1751	265	4	0.282819626139	0.105909711497	Thuis
116046	25	25	25	559	389	4	0.570713419232	0.286233135188	Digi
116056	20	20	22	510	241	1	0.495053502105	0.201672029409	Kinderen
116103	25	25	48	577	233	4	0.408428393189	0.101100456643	Digi
116293	26	26	33	777	241	1	0.458549118963	0.161113107189	Digi
117129	25	25	30	191	145	2	0.368347132344	0.113639461855	Digi
182534	78	50	20	816	247	2	0.528287488978	0.308868444445	Relaties
183408	26	26	37	113	191	2	0.332216607894	0.111333686241	Psyche
184636	38	38	31	1286	378	1	0.491015069856	0.192766485252	Zwanger
186414	20	20	33	1507	376	4	0.512062334945	0.213143304823	Relaties
186650	22	22	42	76	151	0	0.411226409642	0.0992636040664	Overig
187924	27	27	34	685	329	0	0.509827146757	0.239169960962	Digi
188171	25	25	24	390	373	1	0.554188247589	0.25575547742	Kinderen
18846	30	30	23	482	338	2	0.510053366457	0.240566480056	Gezondheid
192087	30	30	14	562	371	1	0.496548070413	0.248860057314	Reizen
193479	29	29	26	275	258	0	0.552076481263	0.311840149806	Contact
193751	27	27	34	408	490	1	0.560314269647	0.296690729636	Relaties
194803	68	50	32	543	523	2	0.593377980938	0.360017555066	Actueel
198410	3434	50	35	337	3	0	0.296113127613	0.090822227012	Entertainment
203064	73	50	15	262	193	2	0.528949043232	0.279350173508	Digi
203268	35	35	33	1007	352	0	0.505807437331	0.238776410027	Thuis
203357	87	50	40	2815	391	3	0.588332816372	0.360709650885	Relaties
203573	29	29	26	199	141	1	0.413898246741	0.207294796294	Digi
207621	211	50	42	676	96	0	0.43521575505	0.277133910889	Zwanger
208475	23	23	11	3596	728	4	0.580003436238	0.284616638963	Relaties
20955	22	22	35	1498	517	2	0.656820927686	0.325360441682	Lijf & Lijn
212504	42	42	17	359	187	1	0.449435442881	0.1867359373	Gezondheid
212647	31	31	26	2760	588	3	0.57561573978	0.3364878009	Werk & Studie
212846	39	39	32	494	447	0	0.592026113966	0.293700322609	Gezondheid
213312	25	25	37	779	221	0	0.342213297628	0.0846493779871	Kinderen
213655	56	50	24	741	363	3	0.52900093406	0.292347535798	Relaties
213681	30	30	6	144	220	1	0.499459541709	0.296194814107	Entertainment
214449	60	50	60	2060	403	6	0.512478415043	0.26872620483	Relaties
215183	22	22	25	1078	314	1	0.506890188888	0.245129733311	Eten
215636	2381	50	59	3055	10	11	0.520713050445	0.247747954856	Zwanger
217536	2688	50	58	417	3	0	0.355737167159	0.12214340954	Overig
218079	363	50	27	314	42	1	0.488297101812	0.241435847561	Entertainment
21981	27	27	17	1	260	0	0.455497084426	0.152248293123	Reizen
220243	24	24	30	274	293	1	0.488989672248	0.238398778749	Entertainment
220912	91	50	18	2390	345	2	0.580274151514	0.317935534921	Relaties
220992	26	26	30	349	214	3	0.431001315039	0.157559623114	Eten
221502	2417	50	37	1663	10	5	0.537226557977	0.284112169149	Zwanger
224472	52	50	53	385	217	1	0.365916131849	0.153446318335	Eten
228111	27	27	25	275	197	1	0.389081920267	0.148818766791	Entertainment
228414	21	21	25	620	355	1	0.413321331143	0.105176065158	Kinderen
228515	25	25	16	332	194	2	0.431255613525	0.154622845076	Kinderen
232192	72	50	53	76	245	1	0.415386349946	0.197387391127	Entertainment
232671	45	45	37	874	248	0	0.464987754567	0.237472573019	Digi
232937	31	31	34	885	203	2	0.446932581273	0.211760143199	Zwanger
232991	121	50	24	335	214	4	0.53207186709	0.298678536408	Geld & Recht
233017	50	50	28	1785	383	1	0.531886663091	0.288370389112	Zwanger
233076	33	33	24	750	259	0	0.507645573199	0.230346689782	Thuis
233189	53	50	24	754	292	1	0.471317423887	0.226702275078	Werk & Studie
233191	31	31	12	667	258	0	0.472235978202	0.188409692945	Kinderen
233913	28	28	16	299	107	1	0.359464321722	0.0798703905165	Mode & Beauty
234134	22	22	21	643	371	1	0.525324725602	0.28051656979	Zwanger
234138	24	24	34	683	215	2	0.450407909018	0.158503068677	Digi
234400	36	36	12	251	288	0	0.486146648881	0.263860196229	Actueel
234470	32	32	20	475	304	3	0.470725250756	0.243637115136	Digi
235068	132	50	19	1515	262	2	0.535924659168	0.282118027852	Entertainment
238856	64	50	39	2632	257	4	0.477808398233	0.249217102016	Relaties
240639	27	27	28	440	312	2	0.547017882485	0.278155467033	Zwanger
243335	376	50	21	402	56	2	0.507575566953	0.261053616958	Digi
245643	1765	50	10	526	11	1	0.572195832795	0.322141198942	Geld & Recht
247002	54	50	22	629	300	1	0.454684766326	0.214741270948	Reizen
248889	23	23	18	607	216	3	0.349350574068	0.11530822428	Actueel
249748	58	50	41	4467	241	59	0.441643391878	0.21338221522	Psyche
249796	20	20	40	675	439	2	0.624631561008	0.320168327426	Digi
250416	135	50	18	772	113	2	0.466096223708	0.197597843713	Zwanger
251096	26	26	59	2674	848	4	0.667422176458	0.423029447989	Zwanger
251261	32	32	44	454	355	1	0.49324467858	0.2101886529	Kinderen
251509	34	34	40	2064	546	2	0.467593764811	0.241012459283	Psyche
252725	34	34	28	615	265	1	0.489229223046	0.231385319524	Gezondheid
254109	41	41	29	345	649	2	0.557089002669	0.357827703515	Psyche
258245	81	50	42	1902	529	4	0.647742674237	0.427209302072	Werk & Studie
258983	886	50	13	790	32	3	0.585334021784	0.375162919686	Entertainment
259047	23	23	21	611	235	2	0.432096139307	0.239961053753	Zwanger
259161	43	43	36	1570	537	1	0.542224372662	0.280429939416	Geld & Recht
259601	271	50	45	545	93	0	0.52034496147	0.280105159534	Zwanger
259881	23	23	17	3471	661	1	0.582156063036	0.294176238467	Relaties
267733	33	33	28	1099	395	6	0.476238815136	0.22160215796	Overig
269715	113	50	44	1684	275	2	0.549759191448	0.308072931346	Kinderen
272323	413	50	56	1730	94	3	0.566939287709	0.323960348416	Zwanger
272453	42	42	33	262	451	2	0.613683730096	0.433687004241	Zwanger
273311	42	42	50	170	427	1	0.503246681139	0.275129720922	Zwanger
279669	285	50	25	1379	89	1	0.514604513665	0.275914927664	Zwanger
280847	21	21	8	151	327	2	0.558364809993	0.257168200313	Zwanger
281415	56	50	59	217	360	1	0.476224387794	0.231111917125	Zwanger
281465	157	50	24	756	139	2	0.567241275854	0.350029240827	Zwanger
282827	23	23	25	867	544	1	0.605502510275	0.441810999882	Zwanger
286745	73	50	20	1959	290	2	0.484586960947	0.227077471338	Geld & Recht
42238	244	50	21	280	34	3	0.342966428157	0.153841678327	Overig
70161	71	50	21	368	175	1	0.384882398194	0.169786603749	Psyche
86478	34	34	26	386	227	1	0.47628641354	0.213171610168	Kinderen
